2017-03-13 08:41:36,004 - __main__ - DEBUG - Reading configurations...
2017-03-13 08:41:36,004 - __main__ - DEBUG - Process Initialization
2017-03-13 08:41:36,005 - process - INFO - Implement business logic
2017-03-13 08:41:36,005 - __main__ - DEBUG - Executing finally block
2017-03-13 09:03:04,111 - __main__ - DEBUG - Reading configurations...
2017-03-13 09:03:04,111 - __main__ - DEBUG - Process Initialization
2017-03-13 09:03:04,111 - process - INFO - Implement business logi
2017-03-13 09:03:04,111 - __main__ - DEBUG - Executing finally block
2017-03-13 09:05:23,824 - __main__ - DEBUG - Reading configurations...
2017-03-13 09:05:23,824 - __main__ - DEBUG - Process Initialization
2017-03-13 09:05:23,824 - process - INFO - Implement business logic
2017-03-13 09:05:23,824 - __main__ - DEBUG - Executing finally block
2017-03-13 12:54:51,339 - __main__ - DEBUG - Reading configurations...
2017-03-13 12:54:51,339 - __main__ - DEBUG - Process Initialization
2017-03-13 12:54:51,339 - process - INFO - Implement business logic
2017-03-13 12:54:51,339 - __main__ - DEBUG - Executing finally block
2017-03-13 12:56:24,598 - __main__ - DEBUG - Reading configurations...
2017-03-13 12:56:24,598 - __main__ - DEBUG - Process Initialization
2017-03-13 12:56:24,598 - process - INFO - Implement business logic
2017-03-13 12:56:24,598 - __main__ - DEBUG - Executing finally block
2017-03-13 12:58:28,259 - __main__ - DEBUG - Reading configurations...
2017-03-13 12:58:28,259 - __main__ - DEBUG - Process Initialization
2017-03-13 12:58:28,259 - process - INFO - Implement business logic
2017-03-13 12:58:28,259 - __main__ - DEBUG - Executing finally block
2017-03-13 12:58:47,058 - __main__ - DEBUG - Reading configurations...
2017-03-13 12:58:47,058 - __main__ - DEBUG - Process Initialization
2017-03-13 12:58:47,058 - process - INFO - Implement business logic
2017-03-13 12:58:47,058 - __main__ - DEBUG - Executing finally block
2017-03-13 12:59:31,162 - __main__ - DEBUG - Reading configurations...
2017-03-13 12:59:31,162 - __main__ - DEBUG - Process Initialization
2017-03-13 12:59:31,162 - process - INFO - Implement business logic
2017-03-13 12:59:31,165 - __main__ - DEBUG - Executing finally block
2017-03-13 13:01:22,850 - __main__ - DEBUG - Reading configurations...
2017-03-13 13:01:22,850 - __main__ - DEBUG - Process Initialization
2017-03-13 13:01:22,850 - process - INFO - Implement business logic
2017-03-13 13:01:23,585 - __main__ - DEBUG - Executing finally block
2017-03-13 13:02:56,125 - __main__ - DEBUG - Reading configurations...
2017-03-13 13:02:56,125 - __main__ - DEBUG - Process Initialization
2017-03-13 13:02:56,125 - process - INFO - Implement business logic
2017-03-13 13:02:56,128 - __main__ - DEBUG - Executing finally block
